<?xml version="1.0" encoding="UTF-8"?>
<!-- Generated by org.testng.reporters.JUnitReportReporter -->
<testsuite hostname="DESKTOP-VIJ90UM" failures="0" tests="2" name="abc.secondclass" time="29.438" errors="0" timestamp="2021-06-25T22:26:54 EDT" skipped="0">
  <testcase classname="abc.secondclass" name="imagess" time="14.588"/>
  <system-out/>
  <testcase classname="abc.secondclass" name="buttons" time="14.850"/>
  <system-out/>
</testsuite> <!-- abc.secondclass -->
