<?xml version="1.0" encoding="UTF-8"?>
<!-- Generated by org.testng.reporters.JUnitReportReporter -->
<testsuite hostname="DESKTOP-VIJ90UM" failures="0" tests="1" name="abc.Automated" time="12.134" errors="0" timestamp="2021-06-25T21:37:51 EDT" skipped="0">
  <testcase classname="abc.Automated" name="testl" time="12.134"/>
  <system-out/>
</testsuite> <!-- abc.Automated -->
